<?xml version="1.0" encoding="UTF-8"?>
<!-- Generated by org.testng.reporters.JUnitReportReporter -->
<testsuite hostname="LENGGG-LAPTOP" failures="0" tests="1" name="TestCases.SearchOutDoorLight" time="9.003" errors="0" timestamp="2021-05-25T01:14:37 EDT" skipped="0">
  <testcase classname="TestCases.SearchOutDoorLight" name="SearchCheapestOutdoorLight" time="9.003"/>
  <system-out/>
</testsuite> <!-- TestCases.SearchOutDoorLight -->
